<?xml version="1.0" encoding="UTF-8"?>
<testng-results ignored="0" total="2" passed="2" failed="0" skipped="0">
  <reporter-output>
  </reporter-output>
  <suite started-at="2025-03-11T15:02:12 IST" name="Default suite" finished-at="2025-03-11T15:03:58 IST" duration-ms="105795">
    <groups>
    </groups>
    <test started-at="2025-03-11T15:02:12 IST" name="Default test" finished-at="2025-03-11T15:03:58 IST" duration-ms="105795">
      <class name="testngOdoo.Scenario1">
        <test-method is-config="true" signature="setup()[pri:0, instance:testngOdoo.Scenario1@62ddbd7e]" started-at="2025-03-11T15:02:12 IST" name="setup" finished-at="2025-03-11T15:02:43 IST" duration-ms="30643" status="PASS">
          <reporter-output>
          </reporter-output>
        </test-method> <!-- setup -->
        <test-method signature="createSalesOrder()[pri:1, instance:testngOdoo.Scenario1@62ddbd7e]" started-at="2025-03-11T15:02:43 IST" name="createSalesOrder" finished-at="2025-03-11T15:03:04 IST" duration-ms="21611" status="PASS">
          <reporter-output>
          </reporter-output>
        </test-method> <!-- createSalesOrder -->
        <test-method signature="duplicateTabAndCheckPO()[pri:2, instance:testngOdoo.Scenario1@62ddbd7e]" started-at="2025-03-11T15:03:04 IST" name="duplicateTabAndCheckPO" finished-at="2025-03-11T15:03:58 IST" depends-on-methods="testngOdoo.Scenario1.createSalesOrder" duration-ms="53497" status="PASS">
          <reporter-output>
          </reporter-output>
        </test-method> <!-- duplicateTabAndCheckPO -->
      </class> <!-- testngOdoo.Scenario1 -->
    </test> <!-- Default test -->
  </suite> <!-- Default suite -->
</testng-results>
